<?xml version="1.0" encoding="UTF-8"?>
<testsuite xmlns:xsi="http://www.w3.org/2001/XMLSchema-instance" xsi:noNamespaceSchemaLocation="https://maven.apache.org/surefire/maven-surefire-plugin/xsd/surefire-test-report.xsd" name="com.ifi.repository.PokemonTypeRepositoryTest" time="0.174" tests="2" errors="0" skipped="0" failures="2">
  <properties>
    <property name="sun.desktop" value="gnome"/>
    <property name="awt.toolkit" value="sun.awt.X11.XToolkit"/>
    <property name="java.specification.version" value="12"/>
    <property name="sun.jnu.encoding" value="UTF-8"/>
    <property name="java.class.path" value="/home/m2eserv/ouarkoubc/Downloads/pokemon-type-api--OCamelea/target/test-classes:/home/m2eserv/ouarkoubc/Downloads/pokemon-type-api--OCamelea/target/classes:/home/m2eserv/ouarkoubc/.m2/repository/javax/servlet/javax.servlet-api/3.1.0/javax.servlet-api-3.1.0.jar:/home/m2eserv/ouarkoubc/.m2/repository/org/junit/jupiter/junit-jupiter-api/5.5.2/junit-jupiter-api-5.5.2.jar:/home/m2eserv/ouarkoubc/.m2/repository/org/apiguardian/apiguardian-api/1.1.0/apiguardian-api-1.1.0.jar:/home/m2eserv/ouarkoubc/.m2/repository/org/opentest4j/opentest4j/1.2.0/opentest4j-1.2.0.jar:/home/m2eserv/ouarkoubc/.m2/repository/org/junit/platform/junit-platform-commons/1.5.2/junit-platform-commons-1.5.2.jar:/home/m2eserv/ouarkoubc/.m2/repository/org/junit/jupiter/junit-jupiter-engine/5.5.2/junit-jupiter-engine-5.5.2.jar:/home/m2eserv/ouarkoubc/.m2/repository/org/junit/platform/junit-platform-engine/1.5.2/junit-platform-engine-1.5.2.jar:/home/m2eserv/ouarkoubc/.m2/repository/org/mockito/mockito-core/3.1.0/mockito-core-3.1.0.jar:/home/m2eserv/ouarkoubc/.m2/repository/net/bytebuddy/byte-buddy/1.9.10/byte-buddy-1.9.10.jar:/home/m2eserv/ouarkoubc/.m2/repository/net/bytebuddy/byte-buddy-agent/1.9.10/byte-buddy-agent-1.9.10.jar:/home/m2eserv/ouarkoubc/.m2/repository/org/objenesis/objenesis/2.6/objenesis-2.6.jar:/home/m2eserv/ouarkoubc/.m2/repository/com/fasterxml/jackson/core/jackson-databind/2.10.0/jackson-databind-2.10.0.jar:/home/m2eserv/ouarkoubc/.m2/repository/com/fasterxml/jackson/core/jackson-annotations/2.10.0/jackson-annotations-2.10.0.jar:/home/m2eserv/ouarkoubc/.m2/repository/com/fasterxml/jackson/core/jackson-core/2.10.0/jackson-core-2.10.0.jar:"/>
    <property name="java.vm.vendor" value="Oracle Corporation"/>
    <property name="sun.arch.data.model" value="64"/>
    <property name="java.vendor.url" value="https://java.oracle.com/"/>
    <property name="os.name" value="Linux"/>
    <property name="java.vm.specification.version" value="12"/>
    <property name="sun.java.launcher" value="SUN_STANDARD"/>
    <property name="user.country" value="US"/>
    <property name="sun.boot.library.path" value="/usr/lib/jvm/jdk-12.0.1/lib"/>
    <property name="sun.java.command" value="/home/m2eserv/ouarkoubc/Downloads/pokemon-type-api--OCamelea/target/surefire/surefirebooter15435274420976313541.jar /home/m2eserv/ouarkoubc/Downloads/pokemon-type-api--OCamelea/target/surefire 2019-11-04T11-45-25_279-jvmRun1 surefire7224906663800991312tmp surefire_09847819543053254017tmp"/>
    <property name="jdk.debug" value="release"/>
    <property name="surefire.test.class.path" value="/home/m2eserv/ouarkoubc/Downloads/pokemon-type-api--OCamelea/target/test-classes:/home/m2eserv/ouarkoubc/Downloads/pokemon-type-api--OCamelea/target/classes:/home/m2eserv/ouarkoubc/.m2/repository/javax/servlet/javax.servlet-api/3.1.0/javax.servlet-api-3.1.0.jar:/home/m2eserv/ouarkoubc/.m2/repository/org/junit/jupiter/junit-jupiter-api/5.5.2/junit-jupiter-api-5.5.2.jar:/home/m2eserv/ouarkoubc/.m2/repository/org/apiguardian/apiguardian-api/1.1.0/apiguardian-api-1.1.0.jar:/home/m2eserv/ouarkoubc/.m2/repository/org/opentest4j/opentest4j/1.2.0/opentest4j-1.2.0.jar:/home/m2eserv/ouarkoubc/.m2/repository/org/junit/platform/junit-platform-commons/1.5.2/junit-platform-commons-1.5.2.jar:/home/m2eserv/ouarkoubc/.m2/repository/org/junit/jupiter/junit-jupiter-engine/5.5.2/junit-jupiter-engine-5.5.2.jar:/home/m2eserv/ouarkoubc/.m2/repository/org/junit/platform/junit-platform-engine/1.5.2/junit-platform-engine-1.5.2.jar:/home/m2eserv/ouarkoubc/.m2/repository/org/mockito/mockito-core/3.1.0/mockito-core-3.1.0.jar:/home/m2eserv/ouarkoubc/.m2/repository/net/bytebuddy/byte-buddy/1.9.10/byte-buddy-1.9.10.jar:/home/m2eserv/ouarkoubc/.m2/repository/net/bytebuddy/byte-buddy-agent/1.9.10/byte-buddy-agent-1.9.10.jar:/home/m2eserv/ouarkoubc/.m2/repository/org/objenesis/objenesis/2.6/objenesis-2.6.jar:/home/m2eserv/ouarkoubc/.m2/repository/com/fasterxml/jackson/core/jackson-databind/2.10.0/jackson-databind-2.10.0.jar:/home/m2eserv/ouarkoubc/.m2/repository/com/fasterxml/jackson/core/jackson-annotations/2.10.0/jackson-annotations-2.10.0.jar:/home/m2eserv/ouarkoubc/.m2/repository/com/fasterxml/jackson/core/jackson-core/2.10.0/jackson-core-2.10.0.jar:"/>
    <property name="sun.cpu.endian" value="little"/>
    <property name="user.home" value="/home/m2eserv/ouarkoubc"/>
    <property name="user.language" value="en"/>
    <property name="java.specification.vendor" value="Oracle Corporation"/>
    <property name="java.version.date" value="2019-04-16"/>
    <property name="java.home" value="/usr/lib/jvm/jdk-12.0.1"/>
    <property name="file.separator" value="/"/>
    <property name="basedir" value="/home/m2eserv/ouarkoubc/Downloads/pokemon-type-api--OCamelea"/>
    <property name="java.vm.compressedOopsMode" value="32-bit"/>
    <property name="line.separator" value="&#10;"/>
    <property name="java.specification.name" value="Java Platform API Specification"/>
    <property name="java.vm.specification.vendor" value="Oracle Corporation"/>
    <property name="java.awt.graphicsenv" value="sun.awt.X11GraphicsEnvironment"/>
    <property name="surefire.real.class.path" value="/home/m2eserv/ouarkoubc/Downloads/pokemon-type-api--OCamelea/target/surefire/surefirebooter15435274420976313541.jar"/>
    <property name="sun.management.compiler" value="HotSpot 64-Bit Tiered Compilers"/>
    <property name="java.runtime.version" value="12.0.1+12"/>
    <property name="user.name" value="ouarkoubc"/>
    <property name="path.separator" value=":"/>
    <property name="os.version" value="5.0.0-32-generic"/>
    <property name="java.runtime.name" value="Java(TM) SE Runtime Environment"/>
    <property name="file.encoding" value="UTF-8"/>
    <property name="java.vm.name" value="Java HotSpot(TM) 64-Bit Server VM"/>
    <property name="localRepository" value="/home/m2eserv/ouarkoubc/.m2/repository"/>
    <property name="java.vendor.url.bug" value="https://bugreport.java.com/bugreport/"/>
    <property name="java.io.tmpdir" value="/tmp"/>
    <property name="java.version" value="12.0.1"/>
    <property name="user.dir" value="/home/m2eserv/ouarkoubc/Downloads/pokemon-type-api--OCamelea"/>
    <property name="os.arch" value="amd64"/>
    <property name="java.vm.specification.name" value="Java Virtual Machine Specification"/>
    <property name="java.library.path" value="/usr/java/packages/lib:/usr/lib64:/lib64:/lib:/usr/lib"/>
    <property name="java.vm.info" value="mixed mode, sharing"/>
    <property name="java.vendor" value="Oracle Corporation"/>
    <property name="java.vm.version" value="12.0.1+12"/>
    <property name="sun.io.unicode.encoding" value="UnicodeLittle"/>
    <property name="java.class.version" value="56.0"/>
  </properties>
  <testcase name="findPokemonById_with25_shouldReturnPikachu" classname="com.ifi.repository.PokemonTypeRepositoryTest" time="0.018">
    <failure message="expected: not &lt;null&gt;" type="org.opentest4j.AssertionFailedError"><![CDATA[org.opentest4j.AssertionFailedError: expected: not <null>
	at com.ifi.repository.PokemonTypeRepositoryTest.findPokemonById_with25_shouldReturnPikachu(PokemonTypeRepositoryTest.java:14)
]]></failure>
    <system-out><![CDATA[Loading Pokemon information for Pokemon id 25
]]></system-out>
  </testcase>
  <testcase name="findPokemonById_with145_shouldReturnZapdos" classname="com.ifi.repository.PokemonTypeRepositoryTest" time="0.001">
    <failure message="expected: not &lt;null&gt;" type="org.opentest4j.AssertionFailedError"><![CDATA[org.opentest4j.AssertionFailedError: expected: not <null>
	at com.ifi.repository.PokemonTypeRepositoryTest.findPokemonById_with145_shouldReturnZapdos(PokemonTypeRepositoryTest.java:22)
]]></failure>
    <system-out><![CDATA[Loading Pokemon information for Pokemon id 145
]]></system-out>
  </testcase>
</testsuite>